#
# A fatal error has been detected by the Java Runtime Environment:
#
#  Internal Error (javaCalls.cpp:51), pid=11352, tid=0x0000000000003c68
#  guarantee(thread->is_Java_thread()) failed: crucial check - the VM thread cannot and must not escape to Java code
#
# JRE version: Java(TM) SE Runtime Environment (8.0_201-b09) (build 1.8.0_201-b09)
# Java VM: Java HotSpot(TM) 64-Bit Server VM (25.201-b09 mixed mode windows-amd64 compressed oops)
# Failed to write core dump. Minidumps are not enabled by default on client versions of Windows
#
# If you would like to submit a bug report, please visit:
#   http://bugreport.java.com/bugreport/crash.jsp
#

---------------  T H R E A D  ---------------

Current thread (0x000000001c679800):  VMThread [stack: 0x000000001e370000,0x000000001e470000] [id=15464]

Stack: [0x000000001e370000,0x000000001e470000]
[error occurred during error reporting (printing stack bounds), id 0xc0000005]

Native frames: (J=compiled Java code, j=interpreted, Vv=VM code, C=native code)

VM_Operation (0x000000001f1cf010): GetOrSetLocal, mode: safepoint, requested by thread 0x000000001e4b6000


---------------  P R O C E S S  ---------------

Java Threads: ( => current thread )
  0x000000001faf2000 JavaThread "DestroyJavaVM" [_thread_blocked, id=11248, stack(0x00000000029d0000,0x0000000002ad0000)]
  0x000000001faf8000 JavaThread "http-nio-8480-Acceptor-0" daemon [_thread_in_native, id=15332, stack(0x000000002d8c0000,0x000000002d9c0000)]
  0x000000001faf6800 JavaThread "http-nio-8480-ClientPoller-1" daemon [_thread_in_native, id=14784, stack(0x000000002d7c0000,0x000000002d8c0000)]
  0x000000001faf7800 JavaThread "http-nio-8480-ClientPoller-0" daemon [_thread_in_native, id=14904, stack(0x000000002d6c0000,0x000000002d7c0000)]
  0x000000001faf3000 JavaThread "http-nio-8480-exec-10" daemon [_thread_blocked, id=14940, stack(0x000000002d5c0000,0x000000002d6c0000)]
  0x000000001faf4800 JavaThread "http-nio-8480-exec-9" daemon [_thread_blocked, id=4252, stack(0x000000002d4c0000,0x000000002d5c0000)]
  0x000000001faf5000 JavaThread "http-nio-8480-exec-8" daemon [_thread_blocked, id=12700, stack(0x000000002d3c0000,0x000000002d4c0000)]
  0x0000000021a0a800 JavaThread "http-nio-8480-exec-7" daemon [_thread_blocked, id=17184, stack(0x000000002d2c0000,0x000000002d3c0000)]
  0x0000000021a0c000 JavaThread "http-nio-8480-exec-6" daemon [_thread_blocked, id=4644, stack(0x000000002d1c0000,0x000000002d2c0000)]
  0x0000000021a09000 JavaThread "http-nio-8480-exec-5" daemon [_thread_blocked, id=15888, stack(0x000000002d0c0000,0x000000002d1c0000)]
  0x0000000021a09800 JavaThread "http-nio-8480-exec-4" daemon [_thread_blocked, id=9788, stack(0x000000002c520000,0x000000002c620000)]
  0x0000000021a07800 JavaThread "http-nio-8480-exec-3" daemon [_thread_blocked, id=13304, stack(0x000000002b010000,0x000000002b110000)]
  0x0000000021a08000 JavaThread "http-nio-8480-exec-2" daemon [_thread_blocked, id=18040, stack(0x000000002ac20000,0x000000002ad20000)]
  0x0000000021a0b000 JavaThread "http-nio-8480-exec-1" daemon [_thread_blocked, id=11780, stack(0x0000000029aa0000,0x0000000029ba0000)]
  0x0000000021a0c800 JavaThread "NioBlockingSelector.BlockPoller-1" daemon [_thread_in_native, id=9724, stack(0x0000000028410000,0x0000000028510000)]
  0x0000000021a06800 JavaThread "scheduling-1" [_thread_blocked, id=18200, stack(0x0000000022910000,0x0000000022a10000)]
  0x000000002668f000 JavaThread "HikariPool-1 housekeeper" daemon [_thread_blocked, id=5836, stack(0x00000000299a0000,0x0000000029aa0000)]
  0x000000001e516000 JavaThread "PostgreSQL-JDBC-SharedTimer-1" daemon [_thread_blocked, id=16960, stack(0x00000000285a0000,0x00000000286a0000)]
  0x0000000028b30000 JavaThread "container-0" [_thread_blocked, id=17880, stack(0x0000000025a60000,0x0000000025b60000)]
  0x000000002698d000 JavaThread "Catalina-utility-2" [_thread_blocked, id=9844, stack(0x0000000021800000,0x0000000021900000)]
  0x00000000276af000 JavaThread "Catalina-utility-1" [_thread_blocked, id=8460, stack(0x0000000021500000,0x0000000021600000)]
  0x000000001f4f7000 JavaThread "Service Thread" daemon [_thread_blocked, id=2236, stack(0x000000001ffd0000,0x00000000200d0000)]
  0x000000001f46a000 JavaThread "C1 CompilerThread3" daemon [_thread_blocked, id=1424, stack(0x000000001fed0000,0x000000001ffd0000)]
  0x000000001f469800 JavaThread "C2 CompilerThread2" daemon [_thread_blocked, id=13392, stack(0x000000001fdd0000,0x000000001fed0000)]
  0x000000001e86e000 JavaThread "C2 CompilerThread1" daemon [_thread_blocked, id=14596, stack(0x000000001fcd0000,0x000000001fdd0000)]
  0x000000001e86b000 JavaThread "C2 CompilerThread0" daemon [_thread_blocked, id=13236, stack(0x000000001fbd0000,0x000000001fcd0000)]
  0x000000001e4c3800 JavaThread "JDWP Command Reader" daemon [_thread_in_native, id=7272, stack(0x000000001f2d0000,0x000000001f3d0000)]
  0x000000001e4c0800 JavaThread "JDWP Event Helper Thread" daemon [_thread_blocked, id=17000, stack(0x000000001f1d0000,0x000000001f2d0000)]
  0x000000001e4b6000 JavaThread "JDWP Transport Listener: dt_socket" daemon [_thread_blocked, id=8016, stack(0x000000001f0d0000,0x000000001f1d0000)]
  0x000000001e4ac000 JavaThread "Attach Listener" daemon [_thread_blocked, id=15440, stack(0x000000001ec90000,0x000000001ed90000)]
  0x000000001e4a9800 JavaThread "Signal Dispatcher" daemon [_thread_blocked, id=7768, stack(0x000000001eb90000,0x000000001ec90000)]
  0x000000001e490800 JavaThread "Finalizer" daemon [_thread_blocked, id=740, stack(0x000000001e970000,0x000000001ea70000)]
  0x0000000002bce000 JavaThread "Reference Handler" daemon [_thread_blocked, id=5376, stack(0x000000001e870000,0x000000001e970000)]

Other Threads:
=>0x000000001c679800 VMThread [stack: 0x000000001e370000,0x000000001e470000] [id=15464]
  0x000000001f593800 WatcherThread [stack: 0x00000000200d0000,0x00000000201d0000] [id=8800]

VM state:at safepoint (normal execution)

VM Mutex/Monitor currently owned by a thread:  ([mutex/lock_event])
[0x0000000002ad3f20] Threads_lock - owner thread: 0x000000001c679800

heap address: 0x00000006c3000000, size: 4048 MB, Compressed Oops mode: Zero based, Oop shift amount: 3
Narrow klass base: 0x0000000000000000, Narrow klass shift: 3
Compressed class space size: 1073741824 Address: 0x00000007c0000000

Heap:
 PSYoungGen      total 456192K, used 177479K [0x000000076bb00000, 0x0000000793a00000, 0x00000007c0000000)
  eden space 439296K, 40% used [0x000000076bb00000,0x0000000776851da0,0x0000000786800000)
  from space 16896K, 0% used [0x0000000786800000,0x0000000786800000,0x0000000787880000)
  to   space 20480K, 0% used [0x0000000792600000,0x0000000792600000,0x0000000793a00000)
 ParOldGen       total 132608K, used 30810K [0x00000006c3000000, 0x00000006cb180000, 0x000000076bb00000)
  object space 132608K, 23% used [0x00000006c3000000,0x00000006c4e16a78,0x00000006cb180000)
 Metaspace       used 64391K, capacity 67150K, committed 67328K, reserved 1107968K
  class space    used 8740K, capacity 9207K, committed 9216K, reserved 1048576K

Card table byte_map: [0x0000000012090000,0x0000000012880000] byte_map_base: 0x000000000ea78000

Marking Bits: (ParMarkBitMap*) 0x0000000070a74ce0
 Begin Bits: [0x00000000135d0000, 0x0000000017510000)
 End Bits:   [0x0000000017510000, 0x000000001b450000)

Polling page: 0x0000000001000000

CodeCache: size=245760Kb used=18580Kb max_used=19223Kb free=227179Kb
 bounds [0x0000000002cd0000, 0x0000000003fb0000, 0x0000000011cd0000]
 total_blobs=5413 nmethods=4842 adapters=489
 compilation: enabled

Compilation events (10 events):
Event: 113.907 Thread 0x000000001f46a000 5687       3       java.util.concurrent.locks.AbstractQueuedSynchronizer::enq (58 bytes)
Event: 113.908 Thread 0x000000001f46a000 nmethod 5687 0x0000000003907990 code [0x0000000003907b20, 0x0000000003908070]
Event: 114.458 Thread 0x000000001f46a000 5689       3       org.apache.juli.logging.DirectJDKLog::isTraceEnabled (11 bytes)
Event: 114.459 Thread 0x000000001f46a000 nmethod 5689 0x0000000003aaae50 code [0x0000000003aaafc0, 0x0000000003aab330]
Event: 115.792 Thread 0x000000001f46a000 5691   !   3       java.util.concurrent.locks.AbstractQueuedSynchronizer::acquireQueued (93 bytes)
Event: 115.793 Thread 0x000000001f46a000 nmethod 5691 0x000000000395d390 code [0x000000000395d5c0, 0x000000000395e138]
Event: 115.793 Thread 0x000000001f46a000 5690       3       java.util.concurrent.locks.AbstractQueuedSynchronizer$ConditionObject::checkInterruptWhileWaiting (27 bytes)
Event: 115.794 Thread 0x000000001f46a000 nmethod 5690 0x0000000002fea850 code [0x0000000002feaa20, 0x0000000002feb098]
Event: 116.479 Thread 0x000000001f46a000 5692       3       sun.nio.ch.WindowsSelectorImpl::access$1600 (5 bytes)
Event: 116.479 Thread 0x000000001f46a000 nmethod 5692 0x0000000002fea510 code [0x0000000002fea660, 0x0000000002fea790]

GC Heap History (10 events):
Event: 3.328 GC heap before
{Heap before GC invocations=8 (full 1):
 PSYoungGen      total 253440K, used 39111K [0x000000076bb00000, 0x000000077c100000, 0x00000007c0000000)
  eden space 243712K, 12% used [0x000000076bb00000,0x000000076d7b96e8,0x000000077a900000)
  from space 9728K, 99% used [0x000000077b580000,0x000000077bef85d8,0x000000077bf00000)
  to   space 12288K, 0% used [0x000000077a900000,0x000000077a900000,0x000000077b500000)
 ParOldGen       total 75264K, used 6392K [0x00000006c3000000, 0x00000006c7980000, 0x000000076bb00000)
  object space 75264K, 8% used [0x00000006c3000000,0x00000006c363e390,0x00000006c7980000)
 Metaspace       used 33782K, capacity 35334K, committed 35416K, reserved 1081344K
  class space    used 4332K, capacity 4607K, committed 4608K, reserved 1048576K
Event: 3.335 GC heap after
Heap after GC invocations=8 (full 1):
 PSYoungGen      total 256000K, used 8942K [0x000000076bb00000, 0x0000000788900000, 0x00000007c0000000)
  eden space 243712K, 0% used [0x000000076bb00000,0x000000076bb00000,0x000000077a900000)
  from space 12288K, 72% used [0x000000077a900000,0x000000077b1bb8c8,0x000000077b500000)
  to   space 12288K, 0% used [0x0000000787d00000,0x0000000787d00000,0x0000000788900000)
 ParOldGen       total 75264K, used 6400K [0x00000006c3000000, 0x00000006c7980000, 0x000000076bb00000)
  object space 75264K, 8% used [0x00000006c3000000,0x00000006c3640390,0x00000006c7980000)
 Metaspace       used 33782K, capacity 35334K, committed 35416K, reserved 1081344K
  class space    used 4332K, capacity 4607K, committed 4608K, reserved 1048576K
}
Event: 3.335 GC heap before
{Heap before GC invocations=9 (full 2):
 PSYoungGen      total 256000K, used 8942K [0x000000076bb00000, 0x0000000788900000, 0x00000007c0000000)
  eden space 243712K, 0% used [0x000000076bb00000,0x000000076bb00000,0x000000077a900000)
  from space 12288K, 72% used [0x000000077a900000,0x000000077b1bb8c8,0x000000077b500000)
  to   space 12288K, 0% used [0x0000000787d00000,0x0000000787d00000,0x0000000788900000)
 ParOldGen       total 75264K, used 6400K [0x00000006c3000000, 0x00000006c7980000, 0x000000076bb00000)
  object space 75264K, 8% used [0x00000006c3000000,0x00000006c3640390,0x00000006c7980000)
 Metaspace       used 33782K, capacity 35334K, committed 35416K, reserved 1081344K
  class space    used 4332K, capacity 4607K, committed 4608K, reserved 1048576K
Event: 3.377 GC heap after
Heap after GC invocations=9 (full 2):
 PSYoungGen      total 256000K, used 0K [0x000000076bb00000, 0x0000000788900000, 0x00000007c0000000)
  eden space 243712K, 0% used [0x000000076bb00000,0x000000076bb00000,0x000000077a900000)
  from space 12288K, 0% used [0x000000077a900000,0x000000077a900000,0x000000077b500000)
  to   space 12288K, 0% used [0x0000000787d00000,0x0000000787d00000,0x0000000788900000)
 ParOldGen       total 98816K, used 13078K [0x00000006c3000000, 0x00000006c9080000, 0x000000076bb00000)
  object space 98816K, 13% used [0x00000006c3000000,0x00000006c3cc59a0,0x00000006c9080000)
 Metaspace       used 33782K, capacity 35334K, committed 35416K, reserved 1081344K
  class space    used 4332K, capacity 4607K, committed 4608K, reserved 1048576K
}
Event: 4.812 GC heap before
{Heap before GC invocations=10 (full 2):
 PSYoungGen      total 256000K, used 243712K [0x000000076bb00000, 0x0000000788900000, 0x00000007c0000000)
  eden space 243712K, 100% used [0x000000076bb00000,0x000000077a900000,0x000000077a900000)
  from space 12288K, 0% used [0x000000077a900000,0x000000077a900000,0x000000077b500000)
  to   space 12288K, 0% used [0x0000000787d00000,0x0000000787d00000,0x0000000788900000)
 ParOldGen       total 98816K, used 13078K [0x00000006c3000000, 0x00000006c9080000, 0x000000076bb00000)
  object space 98816K, 13% used [0x00000006c3000000,0x00000006c3cc59a0,0x00000006c9080000)
 Metaspace       used 47634K, capacity 49354K, committed 49664K, reserved 1091584K
  class space    used 6339K, capacity 6655K, committed 6656K, reserved 1048576K
Event: 4.823 GC heap after
Heap after GC invocations=10 (full 2):
 PSYoungGen      total 442368K, used 12269K [0x000000076bb00000, 0x0000000788900000, 0x00000007c0000000)
  eden space 430080K, 0% used [0x000000076bb00000,0x000000076bb00000,0x0000000785f00000)
  from space 12288K, 99% used [0x0000000787d00000,0x00000007888fb5c8,0x0000000788900000)
  to   space 16896K, 0% used [0x0000000786800000,0x0000000786800000,0x0000000787880000)
 ParOldGen       total 98816K, used 19816K [0x00000006c3000000, 0x00000006c9080000, 0x000000076bb00000)
  object space 98816K, 20% used [0x00000006c3000000,0x00000006c435a270,0x00000006c9080000)
 Metaspace       used 47634K, capacity 49354K, committed 49664K, reserved 1091584K
  class space    used 6339K, capacity 6655K, committed 6656K, reserved 1048576K
}
Event: 23.164 GC heap before
{Heap before GC invocations=11 (full 2):
 PSYoungGen      total 442368K, used 199720K [0x000000076bb00000, 0x0000000788900000, 0x00000007c0000000)
  eden space 430080K, 43% used [0x000000076bb00000,0x000000077720ed10,0x0000000785f00000)
  from space 12288K, 99% used [0x0000000787d00000,0x00000007888fb5c8,0x0000000788900000)
  to   space 16896K, 0% used [0x0000000786800000,0x0000000786800000,0x0000000787880000)
 ParOldGen       total 98816K, used 19816K [0x00000006c3000000, 0x00000006c9080000, 0x000000076bb00000)
  object space 98816K, 20% used [0x00000006c3000000,0x00000006c435a270,0x00000006c9080000)
 Metaspace       used 56755K, capacity 58980K, committed 59028K, reserved 1099776K
  class space    used 7750K, capacity 8172K, committed 8192K, reserved 1048576K
Event: 23.177 GC heap after
Heap after GC invocations=11 (full 2):
 PSYoungGen      total 456192K, used 16868K [0x000000076bb00000, 0x0000000793a00000, 0x00000007c0000000)
  eden space 439296K, 0% used [0x000000076bb00000,0x000000076bb00000,0x0000000786800000)
  from space 16896K, 99% used [0x0000000786800000,0x00000007878793b0,0x0000000787880000)
  to   space 20480K, 0% used [0x0000000792600000,0x0000000792600000,0x0000000793a00000)
 ParOldGen       total 98816K, used 22924K [0x00000006c3000000, 0x00000006c9080000, 0x000000076bb00000)
  object space 98816K, 23% used [0x00000006c3000000,0x00000006c4663030,0x00000006c9080000)
 Metaspace       used 56755K, capacity 58980K, committed 59028K, reserved 1099776K
  class space    used 7750K, capacity 8172K, committed 8192K, reserved 1048576K
}
Event: 23.177 GC heap before
{Heap before GC invocations=12 (full 3):
 PSYoungGen      total 456192K, used 16868K [0x000000076bb00000, 0x0000000793a00000, 0x00000007c0000000)
  eden space 439296K, 0% used [0x000000076bb00000,0x000000076bb00000,0x0000000786800000)
  from space 16896K, 99% used [0x0000000786800000,0x00000007878793b0,0x0000000787880000)
  to   space 20480K, 0% used [0x0000000792600000,0x0000000792600000,0x0000000793a00000)
 ParOldGen       total 98816K, used 22924K [0x00000006c3000000, 0x00000006c9080000, 0x000000076bb00000)
  object space 98816K, 23% used [0x00000006c3000000,0x00000006c4663030,0x00000006c9080000)
 Metaspace       used 56755K, capacity 58980K, committed 59028K, reserved 1099776K
  class space    used 7750K, capacity 8172K, committed 8192K, reserved 1048576K
Event: 23.303 GC heap after
Heap after GC invocations=12 (full 3):
 PSYoungGen      total 456192K, used 0K [0x000000076bb00000, 0x0000000793a00000, 0x00000007c0000000)
  eden space 439296K, 0% used [0x000000076bb00000,0x000000076bb00000,0x0000000786800000)
  from space 16896K, 0% used [0x0000000786800000,0x0000000786800000,0x0000000787880000)
  to   space 20480K, 0% used [0x0000000792600000,0x0000000792600000,0x0000000793a00000)
 ParOldGen       total 132608K, used 30810K [0x00000006c3000000, 0x00000006cb180000, 0x000000076bb00000)
  object space 132608K, 23% used [0x00000006c3000000,0x00000006c4e16a78,0x00000006cb180000)
 Metaspace       used 56755K, capacity 58980K, committed 59028K, reserved 1099776K
  class space    used 7750K, capacity 8172K, committed 8192K, reserved 1048576K
}

Deoptimization events (10 events):
Event: 26.436 Thread 0x0000000021a06800 Uncommon trap: reason=unhandled action=none pc=0x0000000002de4220 method=java.net.URLClassLoader.findClass(Ljava/lang/String;)Ljava/lang/Class; @ 44
Event: 26.437 Thread 0x0000000021a06800 Uncommon trap: reason=unhandled action=none pc=0x0000000002de4220 method=java.net.URLClassLoader.findClass(Ljava/lang/String;)Ljava/lang/Class; @ 44
Event: 26.438 Thread 0x0000000021a06800 Uncommon trap: reason=unhandled action=none pc=0x0000000002de4220 method=java.net.URLClassLoader.findClass(Ljava/lang/String;)Ljava/lang/Class; @ 44
Event: 26.438 Thread 0x0000000021a06800 Uncommon trap: reason=unhandled action=none pc=0x0000000002de4220 method=java.net.URLClassLoader.findClass(Ljava/lang/String;)Ljava/lang/Class; @ 44
Event: 26.439 Thread 0x0000000021a06800 Uncommon trap: reason=unhandled action=none pc=0x0000000002de4220 method=java.net.URLClassLoader.findClass(Ljava/lang/String;)Ljava/lang/Class; @ 44
Event: 26.440 Thread 0x0000000021a06800 Uncommon trap: reason=unhandled action=none pc=0x0000000002de4220 method=java.net.URLClassLoader.findClass(Ljava/lang/String;)Ljava/lang/Class; @ 44
Event: 26.441 Thread 0x0000000021a06800 Uncommon trap: reason=unhandled action=none pc=0x0000000002de4220 method=java.net.URLClassLoader.findClass(Ljava/lang/String;)Ljava/lang/Class; @ 44
Event: 26.442 Thread 0x0000000021a06800 Uncommon trap: reason=unhandled action=none pc=0x0000000002de4220 method=java.net.URLClassLoader.findClass(Ljava/lang/String;)Ljava/lang/Class; @ 44
Event: 26.445 Thread 0x0000000021a06800 Uncommon trap: reason=unhandled action=none pc=0x0000000002de4220 method=java.net.URLClassLoader.findClass(Ljava/lang/String;)Ljava/lang/Class; @ 44
Event: 26.446 Thread 0x0000000021a06800 Uncommon trap: reason=unhandled action=none pc=0x0000000002de4220 method=java.net.URLClassLoader.findClass(Ljava/lang/String;)Ljava/lang/Class; @ 44

Classes redefined (3 events):
Event: 574.994 Thread 0x000000001c679800 redefined class name=br.com.seplag.controller.MicrosoftUpdateController, count=1
Event: 857.358 Thread 0x000000001c679800 redefined class name=br.com.seplag.controller.MicrosoftUpdateController, count=2
Event: 859.596 Thread 0x000000001c679800 redefined class name=br.com.seplag.controller.MicrosoftUpdateController, count=3

Internal exceptions (10 events):
Event: 436.256 Thread 0x0000000021a0b000 Exception <a 'java/lang/ArrayIndexOutOfBoundsException': 40> (0x0000000775582cf0) thrown at [C:\re\workspace\8-2-build-windows-amd64-cygwin\jdk8u201\12322\hotspot\src\share\vm\interpreter\interpreterRuntime.cpp, line 368]
Event: 436.260 Thread 0x0000000021a0b000 Exception <a 'java/lang/ArrayIndexOutOfBoundsException': 105> (0x0000000775584bf8) thrown at [C:\re\workspace\8-2-build-windows-amd64-cygwin\jdk8u201\12322\hotspot\src\share\vm\interpreter\interpreterRuntime.cpp, line 368]
Event: 436.302 Thread 0x0000000021a0b000 Exception <a 'java/lang/ArrayIndexOutOfBoundsException': 109> (0x00000007755aa868) thrown at [C:\re\workspace\8-2-build-windows-amd64-cygwin\jdk8u201\12322\hotspot\src\share\vm\interpreter\interpreterRuntime.cpp, line 368]
Event: 436.325 Thread 0x0000000021a0b000 Exception <a 'java/lang/ArrayIndexOutOfBoundsException': 23> (0x00000007755c9d50) thrown at [C:\re\workspace\8-2-build-windows-amd64-cygwin\jdk8u201\12322\hotspot\src\share\vm\interpreter\interpreterRuntime.cpp, line 368]
Event: 436.330 Thread 0x0000000021a0b000 Exception <a 'java/lang/ArrayIndexOutOfBoundsException': 128> (0x00000007755cbc60) thrown at [C:\re\workspace\8-2-build-windows-amd64-cygwin\jdk8u201\12322\hotspot\src\share\vm\interpreter\interpreterRuntime.cpp, line 368]
Event: 436.598 Thread 0x0000000021a0b000 Exception <a 'java/lang/ArrayIndexOutOfBoundsException': 109> (0x000000077575b5e8) thrown at [C:\re\workspace\8-2-build-windows-amd64-cygwin\jdk8u201\12322\hotspot\src\share\vm\interpreter\interpreterRuntime.cpp, line 368]
Event: 436.608 Thread 0x0000000021a0b000 Exception <a 'java/lang/ArrayIndexOutOfBoundsException': 23> (0x000000077575d308) thrown at [C:\re\workspace\8-2-build-windows-amd64-cygwin\jdk8u201\12322\hotspot\src\share\vm\interpreter\interpreterRuntime.cpp, line 368]
Event: 623.861 Thread 0x0000000021a06800 Exception <a 'java/lang/ArrayIndexOutOfBoundsException': 23> (0x000000077644a6c0) thrown at [C:\re\workspace\8-2-build-windows-amd64-cygwin\jdk8u201\12322\hotspot\src\share\vm\interpreter\interpreterRuntime.cpp, line 368]
Event: 623.863 Thread 0x0000000021a06800 Exception <a 'java/lang/ArrayIndexOutOfBoundsException': 64> (0x000000077644b648) thrown at [C:\re\workspace\8-2-build-windows-amd64-cygwin\jdk8u201\12322\hotspot\src\share\vm\interpreter\interpreterRuntime.cpp, line 368]
Event: 623.877 Thread 0x0000000021a06800 Exception <a 'java/lang/ArrayIndexOutOfBoundsException': 31> (0x000000077644ea40) thrown at [C:\re\workspace\8-2-build-windows-amd64-cygwin\jdk8u201\12322\hotspot\src\share\vm\interpreter\interpreterRuntime.cpp, line 368]

Events (10 events):
Event: 859.637 Executing VM operation: EnterInterpOnlyMode done
Event: 859.637 Executing VM operation: EnterInterpOnlyMode
Event: 859.637 Executing VM operation: EnterInterpOnlyMode done
Event: 859.637 Executing VM operation: EnterInterpOnlyMode
Event: 859.637 Executing VM operation: EnterInterpOnlyMode done
Event: 859.696 Executing VM operation: GetOwnedMonitorInfo
Event: 859.696 Executing VM operation: GetOwnedMonitorInfo done
Event: 859.696 Executing VM operation: GetCurrentContendedMonitor
Event: 859.696 Executing VM operation: GetCurrentContendedMonitor done
Event: 859.703 Executing VM operation: GetOrSetLocal


Dynamic libraries:
0x00007ff6d0500000 - 0x00007ff6d0537000 	C:\Program Files\Java\jdk1.8.0_201\bin\javaw.exe
0x00007ff8c45d0000 - 0x00007ff8c47c8000 	C:\WINDOWS\SYSTEM32\ntdll.dll
0x00007ff8c3c40000 - 0x00007ff8c3cff000 	C:\WINDOWS\System32\KERNEL32.DLL
0x00007ff8c22e0000 - 0x00007ff8c25b2000 	C:\WINDOWS\System32\KERNELBASE.dll
0x00007ff8c40e0000 - 0x00007ff8c418e000 	C:\WINDOWS\System32\ADVAPI32.dll
0x00007ff8c3ef0000 - 0x00007ff8c3f8e000 	C:\WINDOWS\System32\msvcrt.dll
0x00007ff8c2970000 - 0x00007ff8c2a0c000 	C:\WINDOWS\System32\sechost.dll
0x00007ff8c4210000 - 0x00007ff8c4335000 	C:\WINDOWS\System32\RPCRT4.dll
0x00007ff8c2c30000 - 0x00007ff8c2dd1000 	C:\WINDOWS\System32\USER32.dll
0x00007ff8c22b0000 - 0x00007ff8c22d2000 	C:\WINDOWS\System32\win32u.dll
0x00007ff8c3250000 - 0x00007ff8c327b000 	C:\WINDOWS\System32\GDI32.dll
0x00007ff8c1d50000 - 0x00007ff8c1e5f000 	C:\WINDOWS\System32\gdi32full.dll
0x00007ff8c2210000 - 0x00007ff8c22ad000 	C:\WINDOWS\System32\msvcp_win.dll
0x00007ff8c1e60000 - 0x00007ff8c1f60000 	C:\WINDOWS\System32\ucrtbase.dll
0x00007ff8a50e0000 - 0x00007ff8a537a000 	C:\WINDOWS\WinSxS\amd64_microsoft.windows.common-controls_6595b64144ccf1df_6.0.19041.1110_none_60b5254171f9507e\COMCTL32.dll
0x00007ff8c40a0000 - 0x00007ff8c40d2000 	C:\WINDOWS\System32\IMM32.DLL
0x0000000071000000 - 0x00000000710d1000 	C:\Program Files\Java\jdk1.8.0_201\jre\bin\msvcr100.dll
0x0000000070250000 - 0x0000000070af4000 	C:\Program Files\Java\jdk1.8.0_201\jre\bin\server\jvm.dll
0x00007ff8c4580000 - 0x00007ff8c4588000 	C:\WINDOWS\System32\PSAPI.DLL
0x00007ff8aff00000 - 0x00007ff8aff09000 	C:\WINDOWS\SYSTEM32\WSOCK32.dll
0x00007ff8af460000 - 0x00007ff8af487000 	C:\WINDOWS\SYSTEM32\WINMM.dll
0x00007ff8b8080000 - 0x00007ff8b808a000 	C:\WINDOWS\SYSTEM32\VERSION.dll
0x00007ff8c3330000 - 0x00007ff8c339b000 	C:\WINDOWS\System32\WS2_32.dll
0x00007ff8b7d80000 - 0x00007ff8b7d8f000 	C:\Program Files\Java\jdk1.8.0_201\jre\bin\verify.dll
0x00007ff8b7cb0000 - 0x00007ff8b7cd9000 	C:\Program Files\Java\jdk1.8.0_201\jre\bin\java.dll
0x00007ff8b7c70000 - 0x00007ff8b7ca5000 	C:\Program Files\Java\jdk1.8.0_201\jre\bin\jdwp.dll
0x00007ff8b7c60000 - 0x00007ff8b7c68000 	C:\Program Files\Java\jdk1.8.0_201\jre\bin\npt.dll
0x00007ff8b7c30000 - 0x00007ff8b7c53000 	C:\Program Files\Java\jdk1.8.0_201\jre\bin\instrument.dll
0x00007ff8b7c10000 - 0x00007ff8b7c26000 	C:\Program Files\Java\jdk1.8.0_201\jre\bin\zip.dll
0x00007ff8c3400000 - 0x00007ff8c3b44000 	C:\WINDOWS\System32\SHELL32.dll
0x00007ff8bc910000 - 0x00007ff8bd0a2000 	C:\WINDOWS\SYSTEM32\windows.storage.dll
0x00007ff8c2610000 - 0x00007ff8c2965000 	C:\WINDOWS\System32\combase.dll
0x00007ff8c1720000 - 0x00007ff8c1750000 	C:\WINDOWS\SYSTEM32\Wldp.dll
0x00007ff8c3280000 - 0x00007ff8c332d000 	C:\WINDOWS\System32\SHCORE.dll
0x00007ff8c3d00000 - 0x00007ff8c3d55000 	C:\WINDOWS\System32\shlwapi.dll
0x00007ff8c1c00000 - 0x00007ff8c1c1f000 	C:\WINDOWS\SYSTEM32\profapi.dll
0x00007ff8b7c00000 - 0x00007ff8b7c09000 	C:\Program Files\Java\jdk1.8.0_201\jre\bin\dt_socket.dll
0x00007ff8a3760000 - 0x00007ff8a3777000 	C:\WINDOWS\system32\napinsp.dll
0x00007ff8a3740000 - 0x00007ff8a375b000 	C:\WINDOWS\system32\pnrpnsp.dll
0x00007ff8b9270000 - 0x00007ff8b9285000 	C:\WINDOWS\system32\wshbth.dll
0x00007ff8b8b30000 - 0x00007ff8b8b4d000 	C:\WINDOWS\system32\NLAapi.dll
0x00007ff8c10f0000 - 0x00007ff8c112b000 	C:\WINDOWS\SYSTEM32\IPHLPAPI.DLL
0x00007ff8c1440000 - 0x00007ff8c14aa000 	C:\WINDOWS\System32\mswsock.dll
0x00007ff8c1180000 - 0x00007ff8c124a000 	C:\WINDOWS\SYSTEM32\DNSAPI.dll
0x00007ff8c3dc0000 - 0x00007ff8c3dc8000 	C:\WINDOWS\System32\NSI.dll
0x00007ff8a3720000 - 0x00007ff8a3732000 	C:\WINDOWS\System32\winrnr.dll
0x00007ff8b4cd0000 - 0x00007ff8b4d50000 	C:\WINDOWS\System32\fwpuclnt.dll
0x00007ff8c2170000 - 0x00007ff8c2197000 	C:\WINDOWS\System32\bcrypt.dll
0x00007ff8b5980000 - 0x00007ff8b598a000 	C:\Windows\System32\rasadhlp.dll
0x00007ff8b6d60000 - 0x00007ff8b6d6d000 	C:\Program Files\Java\jdk1.8.0_201\jre\bin\management.dll
0x00007ff8b6cb0000 - 0x00007ff8b6cca000 	C:\Program Files\Java\jdk1.8.0_201\jre\bin\net.dll
0x00007ff8afd10000 - 0x00007ff8afefd000 	C:\WINDOWS\SYSTEM32\urlmon.dll
0x00007ff8af490000 - 0x00007ff8af741000 	C:\WINDOWS\SYSTEM32\iertutil.dll
0x00007ff8c1250000 - 0x00007ff8c125c000 	C:\WINDOWS\SYSTEM32\netutils.dll
0x00007ff8ae8f0000 - 0x00007ff8ae918000 	C:\WINDOWS\SYSTEM32\srvcli.dll
0x00007ff8a6650000 - 0x00007ff8a6661000 	C:\Program Files\Java\jdk1.8.0_201\jre\bin\nio.dll
0x00007ff8c1680000 - 0x00007ff8c1698000 	C:\WINDOWS\SYSTEM32\CRYPTSP.dll
0x00007ff8c0cf0000 - 0x00007ff8c0d24000 	C:\WINDOWS\system32\rsaenh.dll
0x00007ff8c1bc0000 - 0x00007ff8c1bee000 	C:\WINDOWS\SYSTEM32\USERENV.dll
0x00007ff8c1cc0000 - 0x00007ff8c1d42000 	C:\WINDOWS\System32\bcryptprimitives.dll
0x00007ff8c1670000 - 0x00007ff8c167c000 	C:\WINDOWS\SYSTEM32\CRYPTBASE.dll
0x00007ff8b6980000 - 0x00007ff8b6997000 	C:\WINDOWS\SYSTEM32\dhcpcsvc6.DLL
0x00007ff8b6960000 - 0x00007ff8b697d000 	C:\WINDOWS\SYSTEM32\dhcpcsvc.DLL
0x00007ff89c370000 - 0x00007ff89c394000 	C:\Program Files\Java\jdk1.8.0_201\jre\bin\sunec.dll
0x00007ff8b7d50000 - 0x00007ff8b7d5b000 	C:\Program Files\Java\jdk1.8.0_201\jre\bin\sunmscapi.dll
0x00007ff8c2010000 - 0x00007ff8c2166000 	C:\WINDOWS\System32\CRYPT32.dll

VM Arguments:
jvm_args: -agentlib:jdwp=transport=dt_socket,suspend=y,address=localhost:52858 -javaagent:D:\Programas\eclipse\configuration\org.eclipse.osgi\422\0\.cp\lib\javaagent-shaded.jar -Dfile.encoding=UTF-8 
java_command: br.com.seplag.Application
java_class_path (initial): D:\workspace-web\seplag-microsoft\target\test-classes;D:\workspace-web\seplag-microsoft\target\classes;C:\Users\Artur\.m2\repository\org\springframework\boot\spring-boot-starter-data-jpa\2.1.4.RELEASE\spring-boot-starter-data-jpa-2.1.4.RELEASE.jar;C:\Users\Artur\.m2\repository\org\springframework\boot\spring-boot-starter-aop\2.1.4.RELEASE\spring-boot-starter-aop-2.1.4.RELEASE.jar;C:\Users\Artur\.m2\repository\org\aspectj\aspectjweaver\1.9.2\aspectjweaver-1.9.2.jar;C:\Users\Artur\.m2\repository\javax\transaction\javax.transaction-api\1.3\javax.transaction-api-1.3.jar;C:\Users\Artur\.m2\repository\javax\xml\bind\jaxb-api\2.3.1\jaxb-api-2.3.1.jar;C:\Users\Artur\.m2\repository\javax\activation\javax.activation-api\1.2.0\javax.activation-api-1.2.0.jar;C:\Users\Artur\.m2\repository\org\hibernate\hibernate-core\5.3.9.Final\hibernate-core-5.3.9.Final.jar;C:\Users\Artur\.m2\repository\javax\persistence\javax.persistence-api\2.2\javax.persistence-api-2.2.jar;C:\Users\Artur\.m2\repository\org\javassist\javassist\3.23.1-GA\javassist-3.23.1-GA.jar;C:\Users\Artur\.m2\repository\net\bytebuddy\byte-buddy\1.9.12\byte-buddy-1.9.12.jar;C:\Users\Artur\.m2\repository\antlr\antlr\2.7.7\antlr-2.7.7.jar;C:\Users\Artur\.m2\repository\org\jboss\jandex\2.0.5.Final\jandex-2.0.5.Final.jar;C:\Users\Artur\.m2\repository\com\fasterxml\classmate\1.4.0\classmate-1.4.0.jar;C:\Users\Artur\.m2\repository\org\dom4j\dom4j\2.1.1\dom4j-2.1.1.jar;C:\Users\Artur\.m2\repository\org\hibernate\common\hibernate-commons-annotations\5.0.4.Final\hibernate-commons-annotations-5.0.4.Final.jar;C:\Users\Artur\.m2\repository\org\springframework\data\spring-data-jpa\2.1.6.RELEASE\spring-data-jpa-2.1.6.RELEASE.jar;C:\Users\Artur\.m2\repository\org\springframework\data\spring-data-commons\2.1.6.RELEASE\spring-data-commons-2.1.6.RELEASE.jar;C:\Users\Artur\.m2\repository\org\springframework\spring-orm\5.1.6.RELEASE\spring-orm-5.1.6.RELEASE.jar;C:\Users\Artur\.m2\repository\org\springframework\spr
Launcher Type: SUN_STANDARD

Environment Variables:
USERNAME=Artur
OS=Windows_NT
PROCESSOR_IDENTIFIER=Intel64 Family 6 Model 142 Stepping 11, GenuineIntel



---------------  S Y S T E M  ---------------

OS: Windows 10.0 , 64 bit Build 19041 (10.0.19041.2364)

CPU:total 8 (initial active 8) (4 cores per cpu, 2 threads per core) family 6 model 142 stepping 11, cmov, cx8, fxsr, mmx, sse, sse2, sse3, ssse3, sse4.1, sse4.2, popcnt, avx, avx2, aes, clmul, erms, 3dnowpref, lzcnt, ht, tsc, tscinvbit, bmi1, bmi2, adx

Memory: 4k page, physical 16580024k(5928144k free), swap 19633876k(6290640k free)

vm_info: Java HotSpot(TM) 64-Bit Server VM (25.201-b09) for windows-amd64 JRE (1.8.0_201-b09), built on Dec 15 2018 18:36:39 by "java_re" with MS VC++ 10.0 (VS2010)

time: Thu Dec 15 22:40:48 2022
timezone: Hora Padrão de Buenos Aires
elapsed time: 859 seconds (0d 0h 14m 19s)

